IQ-TREE multicore version 1.6.12 for Linux 64-bit built Mar 23 2020
Developed by Bui Quang Minh, Nguyen Lam Tung, Olga Chernomor,
Heiko Schmidt, Dominik Schrempf, Michael Woodhams.

Host:    bionfolinux1 (AVX512, FMA3, 187 GB RAM)
Command: iqtree -s Vac_GitHub_DByfvNDvac-refFNV.fasta -m GTR+R4+F
Seed:    666629 (Using SPRNG - Scalable Parallel Random Number Generator)
Time:    Thu Jul 20 11:06:58 2023
Kernel:  AVX+FMA - 1 threads (32 CPU cores detected)

HINT: Use -nt option to specify number of threads because your CPU has 32 cores!
HINT: -nt AUTO will automatically determine the best number of threads to use.

Reading alignment file Vac_GitHub_DByfvNDvac-refFNV.fasta ... Fasta format detected
Alignment most likely contains DNA/RNA sequences
Alignment has 39 sequences with 10235 columns, 95 distinct patterns
64 parsimony-informative, 137 singleton sites, 10034 constant sites
WARNING: Some sequence names are changed as follows:
U21055|UNK|UNK|FNV -> U21055_UNK_UNK_FNV
OP796361|RUS|UNK|17DD -> OP796361_RUS_UNK_17DD
MN708497|BEL|2019-2-7|STAMARIL -> MN708497_BEL_2019-2-7_STAMARIL
MN708496|BEL|2019-2-7|STAMARIL -> MN708496_BEL_2019-2-7_STAMARIL
MN708495|BEL|2019-2-7|STAMARIL -> MN708495_BEL_2019-2-7_STAMARIL
MN708494|BEL|2019-2-7|STAMARIL -> MN708494_BEL_2019-2-7_STAMARIL
MN708493|BEL|2019-2-7|STAMARIL -> MN708493_BEL_2019-2-7_STAMARIL
MN708491|BEL|2019-2-7|STAMARIL -> MN708491_BEL_2019-2-7_STAMARIL
MN708490|BEL|2019-2-7|STAMARIL -> MN708490_BEL_2019-2-7_STAMARIL
MN708489|BEL|2019-2-7|STAMARIL -> MN708489_BEL_2019-2-7_STAMARIL
MN708488|FRA|2019-2-7|STAMARIL -> MN708488_FRA_2019-2-7_STAMARIL
MG051217|UNK|UNK|UNK -> MG051217_UNK_UNK_UNK
GQ379162|PER|2007-10|17DD|AE -> GQ379162_PER_2007-10_17DD_AE
MT840700|UNK|UNK|UNK -> MT840700_UNK_UNK_UNK
OM938990|FRA|2019|YF_VAX -> OM938990_FRA_2019_YF_VAX
OM938989|FRA|2018|YF_VAX -> OM938989_FRA_2018_YF_VAX
OK573009|USA|UNK|UNK -> OK573009_USA_UNK_UNK
MN737509|BRA|2019-11-21|17DD -> MN737509_BRA_2019-11-21_17DD
MW158363|USA|1966|17DD|AE -> MW158363_USA_1966_17DD_AE
MW158362|ECU|1997-7|17DD|AE -> MW158362_ECU_1997-7_17DD_AE
MW158360|PER|2011-3|17DD|AE -> MW158360_PER_2011-3_17DD_AE
MW158358|PER|2004|17DD|AE -> MW158358_PER_2004_17DD_AE
MW249080|FRA|2019-2-7|STAMARIL -> MW249080_FRA_2019-2-7_STAMARIL
MW249076|FRA|2019-2-7|STAMARIL -> MW249076_FRA_2019-2-7_STAMARIL
MW249075|FRA|2019-2-7|STAMARIL -> MW249075_FRA_2019-2-7_STAMARIL
MN106241|UNK|UNK|STAMARIL -> MN106241_UNK_UNK_STAMARIL
JX949181|USA|2012-7-3|UNK -> JX949181_USA_2012-7-3_UNK
KF769015|UNK|UNK|YF_VAX -> KF769015_UNK_UNK_YF_VAX
JX503529|UNK|UNK|YF_VAX -> JX503529_UNK_UNK_YF_VAX
AF052446|UNK|UNK|17D-204-SA -> AF052446_UNK_UNK_17D-204-SA
AF052445|UNK|UNK|17D-204-SA -> AF052445_UNK_UNK_17D-204-SA
AF052444|UNK|UNK|17D-204-SA -> AF052444_UNK_UNK_17D-204-SA
AF052439|UNK|UNK|YF_VAX -> AF052439_UNK_UNK_YF_VAX
AF052438|UNK|UNK|YF_VAX -> AF052438_UNK_UNK_YF_VAX
AF052437|UNK|UNK|YF_VAX -> AF052437_UNK_UNK_YF_VAX
DQ100292|BRA|UNK|17DD -> DQ100292_BRA_UNK_17DD
DQ118157|ESP|2004|STAMARIL|AE -> DQ118157_ESP_2004_STAMARIL_AE
X15062|UNK|UNK|UNK -> X15062_UNK_UNK_UNK
FJ654700|CHN|UNK|17D-TIANTAN -> FJ654700_CHN_UNK_17D-TIANTAN

                                Gap/Ambiguity  Composition  p-value
   1  U21055_UNK_UNK_FNV                0.00%    passed     93.16%
   2  OP796361_RUS_UNK_17DD             0.00%    passed     99.87%
   3  MN708497_BEL_2019-2-7_STAMARIL    0.00%    passed    100.00%
   4  MN708496_BEL_2019-2-7_STAMARIL    0.00%    passed    100.00%
   5  MN708495_BEL_2019-2-7_STAMARIL    0.00%    passed    100.00%
   6  MN708494_BEL_2019-2-7_STAMARIL    0.00%    passed    100.00%
   7  MN708493_BEL_2019-2-7_STAMARIL    0.00%    passed    100.00%
   8  MN708491_BEL_2019-2-7_STAMARIL    0.00%    passed    100.00%
   9  MN708490_BEL_2019-2-7_STAMARIL    0.00%    passed    100.00%
  10  MN708489_BEL_2019-2-7_STAMARIL    0.01%    passed     99.99%
  11  MN708488_FRA_2019-2-7_STAMARIL    0.01%    passed    100.00%
  12  MG051217_UNK_UNK_UNK              0.00%    passed    100.00%
  13  GQ379162_PER_2007-10_17DD_AE      0.02%    passed     99.99%
  14  MT840700_UNK_UNK_UNK              0.00%    passed    100.00%
  15  OM938990_FRA_2019_YF_VAX          0.00%    passed     99.99%
  16  OM938989_FRA_2018_YF_VAX          0.00%    passed     99.99%
  17  OK573009_USA_UNK_UNK              0.00%    passed    100.00%
  18  MN737509_BRA_2019-11-21_17DD      0.02%    passed     99.99%
  19  MW158363_USA_1966_17DD_AE         0.00%    passed     99.99%
  20  MW158362_ECU_1997-7_17DD_AE       0.00%    passed     99.94%
  21  MW158360_PER_2011-3_17DD_AE       0.00%    passed    100.00%
  22  MW158358_PER_2004_17DD_AE         0.00%    passed     99.99%
  23  MW249080_FRA_2019-2-7_STAMARIL    0.00%    passed    100.00%
  24  MW249076_FRA_2019-2-7_STAMARIL    0.00%    passed    100.00%
  25  MW249075_FRA_2019-2-7_STAMARIL    0.00%    passed    100.00%
  26  MN106241_UNK_UNK_STAMARIL         0.00%    passed    100.00%
  27  JX949181_USA_2012-7-3_UNK         0.00%    passed    100.00%
  28  KF769015_UNK_UNK_YF_VAX           0.00%    passed    100.00%
  29  JX503529_UNK_UNK_YF_VAX           0.00%    passed    100.00%
  30  AF052446_UNK_UNK_17D-204-SA       0.00%    passed    100.00%
  31  AF052445_UNK_UNK_17D-204-SA       0.00%    passed    100.00%
  32  AF052444_UNK_UNK_17D-204-SA       0.00%    passed    100.00%
  33  AF052439_UNK_UNK_YF_VAX           0.00%    passed    100.00%
  34  AF052438_UNK_UNK_YF_VAX           0.00%    passed    100.00%
  35  AF052437_UNK_UNK_YF_VAX           0.00%    passed    100.00%
  36  DQ100292_BRA_UNK_17DD             0.00%    passed     99.94%
  37  DQ118157_ESP_2004_STAMARIL_AE     0.00%    passed    100.00%
  38  X15062_UNK_UNK_UNK                0.00%    passed     99.99%
  39  FJ654700_CHN_UNK_17D-TIANTAN      0.00%    passed     99.97%
****  TOTAL                             0.00%  0 sequences failed composition chi2 test (p-value<5%; df=3)
NOTE: MG051217_UNK_UNK_UNK is identical to MN708494_BEL_2019-2-7_STAMARIL but kept for subsequent analysis
NOTE: OK573009_USA_UNK_UNK is identical to MN708490_BEL_2019-2-7_STAMARIL but kept for subsequent analysis
NOTE: MN737509_BRA_2019-11-21_17DD is identical to GQ379162_PER_2007-10_17DD_AE but kept for subsequent analysis
NOTE: JX503529_UNK_UNK_YF_VAX is identical to KF769015_UNK_UNK_YF_VAX but kept for subsequent analysis
NOTE: 3 identical sequences (see below) will be ignored for subsequent analysis
NOTE: MW249076_FRA_2019-2-7_STAMARIL (identical to MN708494_BEL_2019-2-7_STAMARIL) is ignored but added at the end
NOTE: MW249075_FRA_2019-2-7_STAMARIL (identical to MN708490_BEL_2019-2-7_STAMARIL) is ignored but added at the end
NOTE: MN106241_UNK_UNK_STAMARIL (identical to MN708490_BEL_2019-2-7_STAMARIL) is ignored but added at the end

For your convenience alignment with unique sequences printed to Vac_GitHub_DByfvNDvac-refFNV.fasta.uniqueseq.phy

Create initial parsimony tree by phylogenetic likelihood library (PLL)... 0.001 seconds

NOTE: 0 MB RAM (0 GB) is required!
Estimate model parameters (epsilon = 0.100)
1. Initial log-likelihood: -15965.950
2. Current log-likelihood: -15795.356
3. Current log-likelihood: -15794.434
4. Current log-likelihood: -15793.862
5. Current log-likelihood: -15793.390
6. Current log-likelihood: -15792.942
7. Current log-likelihood: -15792.514
8. Current log-likelihood: -15792.102
9. Current log-likelihood: -15791.707
10. Current log-likelihood: -15791.431
11. Current log-likelihood: -15791.291
12. Current log-likelihood: -15791.156
13. Current log-likelihood: -15791.019
14. Current log-likelihood: -15790.880
15. Current log-likelihood: -15790.740
16. Current log-likelihood: -15790.597
17. Current log-likelihood: -15790.453
18. Current log-likelihood: -15790.308
19. Current log-likelihood: -15790.161
20. Current log-likelihood: -15790.011
21. Current log-likelihood: -15789.860
22. Current log-likelihood: -15789.708
23. Current log-likelihood: -15789.554
24. Current log-likelihood: -15789.400
25. Current log-likelihood: -15789.246
26. Current log-likelihood: -15789.091
27. Current log-likelihood: -15788.934
28. Current log-likelihood: -15788.775
29. Current log-likelihood: -15788.615
30. Current log-likelihood: -15788.452
31. Current log-likelihood: -15788.288
32. Current log-likelihood: -15788.121
33. Current log-likelihood: -15787.947
34. Current log-likelihood: -15787.779
35. Current log-likelihood: -15787.612
36. Current log-likelihood: -15787.440
37. Current log-likelihood: -15787.263
38. Current log-likelihood: -15787.085
39. Current log-likelihood: -15786.905
40. Current log-likelihood: -15786.725
41. Current log-likelihood: -15786.544
42. Current log-likelihood: -15786.361
43. Current log-likelihood: -15786.176
44. Current log-likelihood: -15785.991
45. Current log-likelihood: -15785.804
46. Current log-likelihood: -15785.610
47. Current log-likelihood: -15785.422
48. Current log-likelihood: -15785.230
49. Current log-likelihood: -15785.041
50. Current log-likelihood: -15784.841
51. Current log-likelihood: -15784.646
52. Current log-likelihood: -15784.453
53. Current log-likelihood: -15784.258
54. Current log-likelihood: -15784.063
55. Current log-likelihood: -15783.869
56. Current log-likelihood: -15783.675
57. Current log-likelihood: -15783.481
58. Current log-likelihood: -15783.285
59. Current log-likelihood: -15783.089
60. Current log-likelihood: -15782.893
61. Current log-likelihood: -15782.698
62. Current log-likelihood: -15782.502
63. Current log-likelihood: -15782.306
64. Current log-likelihood: -15782.112
65. Current log-likelihood: -15781.917
66. Current log-likelihood: -15781.724
67. Current log-likelihood: -15781.531
68. Current log-likelihood: -15781.340
69. Current log-likelihood: -15781.150
70. Current log-likelihood: -15780.961
71. Current log-likelihood: -15780.775
72. Current log-likelihood: -15780.591
73. Current log-likelihood: -15780.410
74. Current log-likelihood: -15780.232
75. Current log-likelihood: -15780.058
76. Current log-likelihood: -15779.888
77. Current log-likelihood: -15779.722
78. Current log-likelihood: -15779.560
79. Current log-likelihood: -15779.402
80. Current log-likelihood: -15779.248
81. Current log-likelihood: -15779.098
82. Current log-likelihood: -15778.955
83. Current log-likelihood: -15778.816
84. Current log-likelihood: -15778.683
85. Current log-likelihood: -15778.556
86. Current log-likelihood: -15778.435
87. Current log-likelihood: -15778.320
88. Current log-likelihood: -15778.211
89. Current log-likelihood: -15778.108
Optimal log-likelihood: -15778.011
Rate parameters:  A-C: 1.89426  A-G: 9.81074  A-T: 1.51161  C-G: 0.52284  C-T: 19.47103  G-T: 1.00000
Base frequencies:  A: 0.270  C: 0.211  G: 0.286  T: 0.233
Site proportion and rates:  (0.369,0.101) (0.297,0.351) (0.273,0.451) (0.061,11.971)
Parameters optimization took 89 rounds (1.477 sec)
Computing ML distances based on estimated model parameters... 0.003 sec
Computing BIONJ tree...
0.001 seconds
Log-likelihood of BIONJ tree: -15780.898
--------------------------------------------------------------------
|             INITIALIZING CANDIDATE TREE SET                      |
--------------------------------------------------------------------
Generating 98 parsimony trees... 0.124 second
Computing log-likelihood of 98 initial trees ... 0.223 seconds
Current best score: -15777.652

Do NNI search on 20 best initial trees
Estimate model parameters (epsilon = 0.100)
BETTER TREE FOUND at iteration 1: -15777.449
Estimate model parameters (epsilon = 0.100)
BETTER TREE FOUND at iteration 2: -15777.360
BETTER TREE FOUND at iteration 3: -15777.356
Estimate model parameters (epsilon = 0.100)
BETTER TREE FOUND at iteration 5: -15777.263
BETTER TREE FOUND at iteration 6: -15777.259
Iteration 10 / LogL: -15777.285 / Time: 0h:0m:2s
Iteration 20 / LogL: -15777.298 / Time: 0h:0m:2s
Finish initializing candidate tree set (20)
Current best tree score: -15777.259 / CPU time: 0.671
Number of iterations: 20
--------------------------------------------------------------------
|               OPTIMIZING CANDIDATE TREE SET                      |
--------------------------------------------------------------------
BETTER TREE FOUND at iteration 22: -15777.253
Iteration 30 / LogL: -15777.257 / Time: 0h:0m:2s (0h:0m:7s left)
BETTER TREE FOUND at iteration 36: -15777.249
Iteration 40 / LogL: -15777.254 / Time: 0h:0m:2s (0h:0m:6s left)
BETTER TREE FOUND at iteration 50: -15777.246
Iteration 50 / LogL: -15777.246 / Time: 0h:0m:2s (0h:0m:5s left)
BETTER TREE FOUND at iteration 58: -15777.244
Iteration 60 / LogL: -15780.026 / Time: 0h:0m:3s (0h:0m:5s left)
Iteration 70 / LogL: -15777.245 / Time: 0h:0m:3s (0h:0m:4s left)
BETTER TREE FOUND at iteration 74: -15777.241
BETTER TREE FOUND at iteration 78: -15777.236
Iteration 80 / LogL: -15777.246 / Time: 0h:0m:3s (0h:0m:4s left)
BETTER TREE FOUND at iteration 81: -15777.236
BETTER TREE FOUND at iteration 90: -15777.235
Iteration 90 / LogL: -15777.235 / Time: 0h:0m:3s (0h:0m:4s left)
BETTER TREE FOUND at iteration 96: -15777.233
BETTER TREE FOUND at iteration 98: -15777.227
Iteration 100 / LogL: -15791.308 / Time: 0h:0m:3s (0h:0m:3s left)
BETTER TREE FOUND at iteration 102: -15777.225
Iteration 110 / LogL: -15777.231 / Time: 0h:0m:3s (0h:0m:3s left)
BETTER TREE FOUND at iteration 117: -15777.222
Iteration 120 / LogL: -15777.229 / Time: 0h:0m:4s (0h:0m:3s left)
Iteration 130 / LogL: -15777.229 / Time: 0h:0m:4s (0h:0m:2s left)
BETTER TREE FOUND at iteration 132: -15777.220
BETTER TREE FOUND at iteration 136: -15777.217
BETTER TREE FOUND at iteration 138: -15777.215
Iteration 140 / LogL: -15777.224 / Time: 0h:0m:4s (0h:0m:3s left)
Estimate model parameters (epsilon = 0.100)
BETTER TREE FOUND at iteration 150: -15777.146
Iteration 150 / LogL: -15777.146 / Time: 0h:0m:4s (0h:0m:3s left)
BETTER TREE FOUND at iteration 151: -15777.140
Iteration 160 / LogL: -15777.156 / Time: 0h:0m:4s (0h:0m:2s left)
Iteration 170 / LogL: -15779.909 / Time: 0h:0m:5s (0h:0m:2s left)
Iteration 180 / LogL: -15777.160 / Time: 0h:0m:5s (0h:0m:2s left)
BETTER TREE FOUND at iteration 182: -15777.140
BETTER TREE FOUND at iteration 189: -15777.140
Iteration 190 / LogL: -15787.038 / Time: 0h:0m:5s (0h:0m:2s left)
BETTER TREE FOUND at iteration 199: -15777.140
Iteration 200 / LogL: -15777.167 / Time: 0h:0m:5s (0h:0m:2s left)
Iteration 210 / LogL: -15777.146 / Time: 0h:0m:5s (0h:0m:2s left)
UPDATE BEST LOG-LIKELIHOOD: -15777.138
Iteration 220 / LogL: -15777.145 / Time: 0h:0m:6s (0h:0m:2s left)
Iteration 230 / LogL: -15779.905 / Time: 0h:0m:6s (0h:0m:1s left)
Iteration 240 / LogL: -15780.552 / Time: 0h:0m:6s (0h:0m:1s left)
Iteration 250 / LogL: -15779.926 / Time: 0h:0m:6s (0h:0m:1s left)
BETTER TREE FOUND at iteration 256: -15777.138
Iteration 260 / LogL: -15777.156 / Time: 0h:0m:6s (0h:0m:2s left)
BETTER TREE FOUND at iteration 267: -15777.137
Iteration 270 / LogL: -15777.156 / Time: 0h:0m:6s (0h:0m:2s left)
BETTER TREE FOUND at iteration 278: -15777.134
Iteration 280 / LogL: -15777.138 / Time: 0h:0m:7s (0h:0m:2s left)
BETTER TREE FOUND at iteration 281: -15777.133
BETTER TREE FOUND at iteration 282: -15777.133
Iteration 290 / LogL: -15777.145 / Time: 0h:0m:7s (0h:0m:2s left)
BETTER TREE FOUND at iteration 296: -15777.132
Iteration 300 / LogL: -15779.902 / Time: 0h:0m:7s (0h:0m:2s left)
Iteration 310 / LogL: -15777.137 / Time: 0h:0m:7s (0h:0m:2s left)
Iteration 320 / LogL: -15777.143 / Time: 0h:0m:7s (0h:0m:1s left)
Iteration 330 / LogL: -15777.138 / Time: 0h:0m:7s (0h:0m:1s left)
BETTER TREE FOUND at iteration 339: -15777.128
Iteration 340 / LogL: -15779.926 / Time: 0h:0m:8s (0h:0m:2s left)
Iteration 350 / LogL: -15777.147 / Time: 0h:0m:8s (0h:0m:2s left)
BETTER TREE FOUND at iteration 353: -15777.128
Iteration 360 / LogL: -15777.131 / Time: 0h:0m:8s (0h:0m:2s left)
BETTER TREE FOUND at iteration 362: -15777.126
Iteration 370 / LogL: -15777.131 / Time: 0h:0m:8s (0h:0m:2s left)
Iteration 380 / LogL: -15777.160 / Time: 0h:0m:8s (0h:0m:1s left)
Iteration 390 / LogL: -15777.146 / Time: 0h:0m:9s (0h:0m:1s left)
BETTER TREE FOUND at iteration 393: -15777.124
Iteration 400 / LogL: -15801.753 / Time: 0h:0m:9s (0h:0m:2s left)
Iteration 410 / LogL: -15777.150 / Time: 0h:0m:9s (0h:0m:1s left)
Iteration 420 / LogL: -15777.177 / Time: 0h:0m:9s (0h:0m:1s left)
Iteration 430 / LogL: -15777.151 / Time: 0h:0m:9s (0h:0m:1s left)
Iteration 440 / LogL: -15777.128 / Time: 0h:0m:9s (0h:0m:1s left)
Iteration 450 / LogL: -15777.128 / Time: 0h:0m:10s (0h:0m:0s left)
Iteration 460 / LogL: -15777.137 / Time: 0h:0m:10s (0h:0m:0s left)
Iteration 470 / LogL: -15777.133 / Time: 0h:0m:10s (0h:0m:0s left)
Iteration 480 / LogL: -15801.179 / Time: 0h:0m:10s (0h:0m:0s left)
Iteration 490 / LogL: -15801.768 / Time: 0h:0m:10s (0h:0m:0s left)
TREE SEARCH COMPLETED AFTER 494 ITERATIONS / Time: 0h:0m:10s

--------------------------------------------------------------------
|                    FINALIZING TREE SEARCH                        |
--------------------------------------------------------------------
Performs final model parameters optimization
Estimate model parameters (epsilon = 0.010)
1. Initial log-likelihood: -15777.124
2. Current log-likelihood: -15777.078
3. Current log-likelihood: -15777.038
4. Current log-likelihood: -15777.005
5. Current log-likelihood: -15776.977
6. Current log-likelihood: -15776.953
7. Current log-likelihood: -15776.933
8. Current log-likelihood: -15776.916
9. Current log-likelihood: -15776.902
10. Current log-likelihood: -15776.890
11. Current log-likelihood: -15776.880
Optimal log-likelihood: -15776.870
Rate parameters:  A-C: 1.88090  A-G: 9.80891  A-T: 1.46615  C-G: 0.50288  C-T: 19.57488  G-T: 1.00000
Base frequencies:  A: 0.270  C: 0.211  G: 0.286  T: 0.233
Site proportion and rates:  (0.375,0.099) (0.300,0.343) (0.275,0.440) (0.050,14.891)
Parameters optimization took 11 rounds (0.158 sec)
BEST SCORE FOUND : -15776.870
Total tree length: 0.023

Total number of iterations: 494
CPU time used for tree search: 8.988 sec (0h:0m:8s)
Wall-clock time used for tree search: 9.308 sec (0h:0m:9s)
Total CPU time used: 10.632 sec (0h:0m:10s)
Total wall-clock time used: 10.961 sec (0h:0m:10s)

Analysis results written to: 
  IQ-TREE report:                Vac_GitHub_DByfvNDvac-refFNV.fasta.iqtree
  Maximum-likelihood tree:       Vac_GitHub_DByfvNDvac-refFNV.fasta.treefile
  Likelihood distances:          Vac_GitHub_DByfvNDvac-refFNV.fasta.mldist
  Screen log file:               Vac_GitHub_DByfvNDvac-refFNV.fasta.log

Date and Time: Thu Jul 20 11:07:09 2023
