IQ-TREE multicore version 1.6.12 for Linux 64-bit built Mar 23 2020
Developed by Bui Quang Minh, Nguyen Lam Tung, Olga Chernomor,
Heiko Schmidt, Dominik Schrempf, Michael Woodhams.

Host:    bionfolinux1 (AVX512, FMA3, 187 GB RAM)
Command: iqtree -s YFV-Vaccine-alignments.fasta -m GTR+R4+F
Seed:    311334 (Using SPRNG - Scalable Parallel Random Number Generator)
Time:    Tue Jul 25 09:08:55 2023
Kernel:  AVX+FMA - 1 threads (32 CPU cores detected)

HINT: Use -nt option to specify number of threads because your CPU has 32 cores!
HINT: -nt AUTO will automatically determine the best number of threads to use.

Reading alignment file YFV-Vaccine-alignments.fasta ... Fasta format detected
Alignment most likely contains DNA/RNA sequences
Alignment has 38 sequences with 10235 columns, 82 distinct patterns
61 parsimony-informative, 45 singleton sites, 10129 constant sites
WARNING: Some sequence names are changed as follows:
OP796361|RUS|UNK|17DD -> OP796361_RUS_UNK_17DD
MN708497|BEL|2019-2-7|STAMARIL -> MN708497_BEL_2019-2-7_STAMARIL
MN708496|BEL|2019-2-7|STAMARIL -> MN708496_BEL_2019-2-7_STAMARIL
MN708495|BEL|2019-2-7|STAMARIL -> MN708495_BEL_2019-2-7_STAMARIL
MN708494|BEL|2019-2-7|STAMARIL -> MN708494_BEL_2019-2-7_STAMARIL
MN708493|BEL|2019-2-7|STAMARIL -> MN708493_BEL_2019-2-7_STAMARIL
MN708491|BEL|2019-2-7|STAMARIL -> MN708491_BEL_2019-2-7_STAMARIL
MN708490|BEL|2019-2-7|STAMARIL -> MN708490_BEL_2019-2-7_STAMARIL
MN708489|BEL|2019-2-7|STAMARIL -> MN708489_BEL_2019-2-7_STAMARIL
MN708488|FRA|2019-2-7|STAMARIL -> MN708488_FRA_2019-2-7_STAMARIL
MG051217|UNK|UNK|UNK -> MG051217_UNK_UNK_UNK
GQ379162|PER|2007-10|17DD|AE -> GQ379162_PER_2007-10_17DD_AE
MT840700|UNK|UNK|UNK -> MT840700_UNK_UNK_UNK
OM938990|FRA|2019|YF_VAX -> OM938990_FRA_2019_YF_VAX
OM938989|FRA|2018|YF_VAX -> OM938989_FRA_2018_YF_VAX
OK573009|USA|UNK|UNK -> OK573009_USA_UNK_UNK
MN737509|BRA|2019-11-21|17DD -> MN737509_BRA_2019-11-21_17DD
MW158363|USA|1966|17DD|AE -> MW158363_USA_1966_17DD_AE
MW158362|ECU|1997-7|17DD|AE -> MW158362_ECU_1997-7_17DD_AE
MW158360|PER|2011-3|17DD|AE -> MW158360_PER_2011-3_17DD_AE
MW158358|PER|2004|17DD|AE -> MW158358_PER_2004_17DD_AE
MW249080|FRA|2019-2-7|STAMARIL -> MW249080_FRA_2019-2-7_STAMARIL
MW249076|FRA|2019-2-7|STAMARIL -> MW249076_FRA_2019-2-7_STAMARIL
MW249075|FRA|2019-2-7|STAMARIL -> MW249075_FRA_2019-2-7_STAMARIL
MN106241|UNK|UNK|STAMARIL -> MN106241_UNK_UNK_STAMARIL
JX949181|USA|2012-7-3|UNK -> JX949181_USA_2012-7-3_UNK
KF769015|UNK|UNK|YF_VAX -> KF769015_UNK_UNK_YF_VAX
JX503529|UNK|UNK|YF_VAX -> JX503529_UNK_UNK_YF_VAX
AF052446|UNK|UNK|17D-204-SA -> AF052446_UNK_UNK_17D-204-SA
AF052445|UNK|UNK|17D-204-SA -> AF052445_UNK_UNK_17D-204-SA
AF052444|UNK|UNK|17D-204-SA -> AF052444_UNK_UNK_17D-204-SA
AF052439|UNK|UNK|YF_VAX -> AF052439_UNK_UNK_YF_VAX
AF052438|UNK|UNK|YF_VAX -> AF052438_UNK_UNK_YF_VAX
AF052437|UNK|UNK|YF_VAX -> AF052437_UNK_UNK_YF_VAX
DQ100292|BRA|UNK|17DD -> DQ100292_BRA_UNK_17DD
DQ118157|ESP|2004|STAMARIL|AE -> DQ118157_ESP_2004_STAMARIL_AE
X15062|UNK|UNK|UNK -> X15062_UNK_UNK_UNK
FJ654700|CHN|UNK|17D-TIANTAN -> FJ654700_CHN_UNK_17D-TIANTAN

                                Gap/Ambiguity  Composition  p-value
   1  OP796361_RUS_UNK_17DD             0.00%    passed     99.86%
   2  MN708497_BEL_2019-2-7_STAMARIL    0.00%    passed    100.00%
   3  MN708496_BEL_2019-2-7_STAMARIL    0.00%    passed    100.00%
   4  MN708495_BEL_2019-2-7_STAMARIL    0.00%    passed    100.00%
   5  MN708494_BEL_2019-2-7_STAMARIL    0.00%    passed    100.00%
   6  MN708493_BEL_2019-2-7_STAMARIL    0.00%    passed    100.00%
   7  MN708491_BEL_2019-2-7_STAMARIL    0.00%    passed    100.00%
   8  MN708490_BEL_2019-2-7_STAMARIL    0.00%    passed    100.00%
   9  MN708489_BEL_2019-2-7_STAMARIL    0.01%    passed     99.99%
  10  MN708488_FRA_2019-2-7_STAMARIL    0.01%    passed    100.00%
  11  MG051217_UNK_UNK_UNK              0.00%    passed    100.00%
  12  GQ379162_PER_2007-10_17DD_AE      0.02%    passed     99.99%
  13  MT840700_UNK_UNK_UNK              0.00%    passed    100.00%
  14  OM938990_FRA_2019_YF_VAX          0.00%    passed    100.00%
  15  OM938989_FRA_2018_YF_VAX          0.00%    passed     99.99%
  16  OK573009_USA_UNK_UNK              0.00%    passed    100.00%
  17  MN737509_BRA_2019-11-21_17DD      0.02%    passed     99.99%
  18  MW158363_USA_1966_17DD_AE         0.00%    passed     99.99%
  19  MW158362_ECU_1997-7_17DD_AE       0.00%    passed     99.95%
  20  MW158360_PER_2011-3_17DD_AE       0.00%    passed    100.00%
  21  MW158358_PER_2004_17DD_AE         0.00%    passed     99.99%
  22  MW249080_FRA_2019-2-7_STAMARIL    0.00%    passed    100.00%
  23  MW249076_FRA_2019-2-7_STAMARIL    0.00%    passed    100.00%
  24  MW249075_FRA_2019-2-7_STAMARIL    0.00%    passed    100.00%
  25  MN106241_UNK_UNK_STAMARIL         0.00%    passed    100.00%
  26  JX949181_USA_2012-7-3_UNK         0.00%    passed    100.00%
  27  KF769015_UNK_UNK_YF_VAX           0.00%    passed    100.00%
  28  JX503529_UNK_UNK_YF_VAX           0.00%    passed    100.00%
  29  AF052446_UNK_UNK_17D-204-SA       0.00%    passed    100.00%
  30  AF052445_UNK_UNK_17D-204-SA       0.00%    passed    100.00%
  31  AF052444_UNK_UNK_17D-204-SA       0.00%    passed    100.00%
  32  AF052439_UNK_UNK_YF_VAX           0.00%    passed    100.00%
  33  AF052438_UNK_UNK_YF_VAX           0.00%    passed    100.00%
  34  AF052437_UNK_UNK_YF_VAX           0.00%    passed    100.00%
  35  DQ100292_BRA_UNK_17DD             0.00%    passed     99.92%
  36  DQ118157_ESP_2004_STAMARIL_AE     0.00%    passed    100.00%
  37  X15062_UNK_UNK_UNK                0.00%    passed     99.99%
  38  FJ654700_CHN_UNK_17D-TIANTAN      0.00%    passed     99.98%
****  TOTAL                             0.00%  0 sequences failed composition chi2 test (p-value<5%; df=3)
NOTE: MG051217_UNK_UNK_UNK is identical to MN708494_BEL_2019-2-7_STAMARIL but kept for subsequent analysis
NOTE: OK573009_USA_UNK_UNK is identical to MN708490_BEL_2019-2-7_STAMARIL but kept for subsequent analysis
NOTE: MN737509_BRA_2019-11-21_17DD is identical to GQ379162_PER_2007-10_17DD_AE but kept for subsequent analysis
NOTE: JX503529_UNK_UNK_YF_VAX is identical to KF769015_UNK_UNK_YF_VAX but kept for subsequent analysis
NOTE: 3 identical sequences (see below) will be ignored for subsequent analysis
NOTE: MW249076_FRA_2019-2-7_STAMARIL (identical to MN708494_BEL_2019-2-7_STAMARIL) is ignored but added at the end
NOTE: MW249075_FRA_2019-2-7_STAMARIL (identical to MN708490_BEL_2019-2-7_STAMARIL) is ignored but added at the end
NOTE: MN106241_UNK_UNK_STAMARIL (identical to MN708490_BEL_2019-2-7_STAMARIL) is ignored but added at the end

For your convenience alignment with unique sequences printed to YFV-Vaccine-alignments.fasta.uniqueseq.phy

Create initial parsimony tree by phylogenetic likelihood library (PLL)... 0.002 seconds

NOTE: 0 MB RAM (0 GB) is required!
Estimate model parameters (epsilon = 0.100)
1. Initial log-likelihood: -15285.194
2. Current log-likelihood: -15172.303
3. Current log-likelihood: -15171.972
4. Current log-likelihood: -15171.559
5. Current log-likelihood: -15171.189
6. Current log-likelihood: -15170.848
7. Current log-likelihood: -15170.532
8. Current log-likelihood: -15170.320
Optimal log-likelihood: -15170.234
Rate parameters:  A-C: 1.89092  A-G: 7.56355  A-T: 0.85021  C-G: 0.20810  C-T: 15.66495  G-T: 1.00000
Base frequencies:  A: 0.270  C: 0.211  G: 0.286  T: 0.233
Site proportion and rates:  (0.260,0.105) (0.254,0.365) (0.252,0.457) (0.234,3.274)
Parameters optimization took 8 rounds (0.171 sec)
Computing ML distances based on estimated model parameters... 0.003 sec
Computing BIONJ tree...
0.001 seconds
Log-likelihood of BIONJ tree: -15168.937
--------------------------------------------------------------------
|             INITIALIZING CANDIDATE TREE SET                      |
--------------------------------------------------------------------
Generating 98 parsimony trees... 0.130 second
Computing log-likelihood of 98 initial trees ... 0.227 seconds
Current best score: -15165.833

Do NNI search on 20 best initial trees
Estimate model parameters (epsilon = 0.100)
BETTER TREE FOUND at iteration 1: -15149.261
Estimate model parameters (epsilon = 0.100)
BETTER TREE FOUND at iteration 2: -15148.939
BETTER TREE FOUND at iteration 3: -15148.936
Iteration 10 / LogL: -15148.936 / Time: 0h:0m:1s
BETTER TREE FOUND at iteration 20: -15148.936
Iteration 20 / LogL: -15148.936 / Time: 0h:0m:1s
Finish initializing candidate tree set (20)
Current best tree score: -15148.936 / CPU time: 1.735
Number of iterations: 20
--------------------------------------------------------------------
|               OPTIMIZING CANDIDATE TREE SET                      |
--------------------------------------------------------------------
BETTER TREE FOUND at iteration 21: -15148.928
BETTER TREE FOUND at iteration 22: -15148.921
BETTER TREE FOUND at iteration 24: -15148.920
Iteration 30 / LogL: -15148.931 / Time: 0h:0m:2s (0h:0m:6s left)
BETTER TREE FOUND at iteration 36: -15148.919
BETTER TREE FOUND at iteration 39: -15148.916
Iteration 40 / LogL: -15176.656 / Time: 0h:0m:2s (0h:0m:5s left)
BETTER TREE FOUND at iteration 46: -15148.910
Iteration 50 / LogL: -15154.799 / Time: 0h:0m:2s (0h:0m:4s left)
BETTER TREE FOUND at iteration 51: -15148.908
BETTER TREE FOUND at iteration 52: -15148.908
BETTER TREE FOUND at iteration 54: -15148.903
BETTER TREE FOUND at iteration 58: -15148.900
Iteration 60 / LogL: -15148.925 / Time: 0h:0m:2s (0h:0m:4s left)
BETTER TREE FOUND at iteration 62: -15148.895
Iteration 70 / LogL: -15148.906 / Time: 0h:0m:2s (0h:0m:3s left)
Iteration 80 / LogL: -15148.910 / Time: 0h:0m:2s (0h:0m:2s left)
Iteration 90 / LogL: -15148.912 / Time: 0h:0m:2s (0h:0m:2s left)
BETTER TREE FOUND at iteration 100: -15148.893
Iteration 100 / LogL: -15148.893 / Time: 0h:0m:3s (0h:0m:3s left)
Iteration 110 / LogL: -15148.917 / Time: 0h:0m:3s (0h:0m:2s left)
BETTER TREE FOUND at iteration 112: -15148.891
Iteration 120 / LogL: -15148.891 / Time: 0h:0m:3s (0h:0m:2s left)
Iteration 130 / LogL: -15176.650 / Time: 0h:0m:3s (0h:0m:2s left)
Iteration 140 / LogL: -15165.933 / Time: 0h:0m:3s (0h:0m:1s left)
BETTER TREE FOUND at iteration 145: -15148.888
BETTER TREE FOUND at iteration 150: -15148.886
Iteration 150 / LogL: -15148.886 / Time: 0h:0m:3s (0h:0m:2s left)
Iteration 160 / LogL: -15148.894 / Time: 0h:0m:4s (0h:0m:2s left)
Iteration 170 / LogL: -15148.901 / Time: 0h:0m:4s (0h:0m:2s left)
Iteration 180 / LogL: -15148.893 / Time: 0h:0m:4s (0h:0m:1s left)
Iteration 190 / LogL: -15148.901 / Time: 0h:0m:4s (0h:0m:1s left)
Iteration 200 / LogL: -15148.917 / Time: 0h:0m:4s (0h:0m:1s left)
Iteration 210 / LogL: -15148.900 / Time: 0h:0m:5s (0h:0m:0s left)
BETTER TREE FOUND at iteration 214: -15148.877
Iteration 220 / LogL: -15151.136 / Time: 0h:0m:5s (0h:0m:2s left)
Iteration 230 / LogL: -15295.591 / Time: 0h:0m:5s (0h:0m:1s left)
Iteration 240 / LogL: -15151.121 / Time: 0h:0m:5s (0h:0m:1s left)
BETTER TREE FOUND at iteration 241: -15148.877
Iteration 250 / LogL: -15148.883 / Time: 0h:0m:5s (0h:0m:2s left)
Iteration 260 / LogL: -15148.886 / Time: 0h:0m:5s (0h:0m:1s left)
BETTER TREE FOUND at iteration 264: -15148.874
Iteration 270 / LogL: -15148.882 / Time: 0h:0m:5s (0h:0m:2s left)
Iteration 280 / LogL: -15148.876 / Time: 0h:0m:6s (0h:0m:1s left)
Iteration 290 / LogL: -15148.913 / Time: 0h:0m:6s (0h:0m:1s left)
Iteration 300 / LogL: -15148.892 / Time: 0h:0m:6s (0h:0m:1s left)
BETTER TREE FOUND at iteration 305: -15148.873
BETTER TREE FOUND at iteration 309: -15148.872
Iteration 310 / LogL: -15148.888 / Time: 0h:0m:6s (0h:0m:2s left)
Iteration 320 / LogL: -15148.890 / Time: 0h:0m:6s (0h:0m:1s left)
BETTER TREE FOUND at iteration 327: -15148.871
Iteration 330 / LogL: -15148.876 / Time: 0h:0m:6s (0h:0m:2s left)
Iteration 340 / LogL: -15174.399 / Time: 0h:0m:7s (0h:0m:1s left)
Iteration 350 / LogL: -15148.890 / Time: 0h:0m:7s (0h:0m:1s left)
Iteration 360 / LogL: -15148.886 / Time: 0h:0m:7s (0h:0m:1s left)
Iteration 370 / LogL: -15148.878 / Time: 0h:0m:7s (0h:0m:1s left)
Iteration 380 / LogL: -15151.112 / Time: 0h:0m:7s (0h:0m:0s left)
Iteration 390 / LogL: -15148.896 / Time: 0h:0m:8s (0h:0m:0s left)
BETTER TREE FOUND at iteration 395: -15148.871
Iteration 400 / LogL: -15148.887 / Time: 0h:0m:8s (0h:0m:1s left)
Iteration 410 / LogL: -15148.883 / Time: 0h:0m:8s (0h:0m:1s left)
BETTER TREE FOUND at iteration 411: -15148.871
BETTER TREE FOUND at iteration 415: -15148.870
Iteration 420 / LogL: -15148.871 / Time: 0h:0m:8s (0h:0m:1s left)
BETTER TREE FOUND at iteration 421: -15148.869
UPDATE BEST LOG-LIKELIHOOD: -15148.863
Iteration 430 / LogL: -15151.113 / Time: 0h:0m:8s (0h:0m:1s left)
Iteration 440 / LogL: -15148.894 / Time: 0h:0m:8s (0h:0m:1s left)
Iteration 450 / LogL: -15148.880 / Time: 0h:0m:9s (0h:0m:1s left)
Iteration 460 / LogL: -15148.885 / Time: 0h:0m:9s (0h:0m:1s left)
Iteration 470 / LogL: -15148.874 / Time: 0h:0m:9s (0h:0m:1s left)
Iteration 480 / LogL: -15148.865 / Time: 0h:0m:9s (0h:0m:0s left)
Iteration 490 / LogL: -15148.873 / Time: 0h:0m:9s (0h:0m:0s left)
Iteration 500 / LogL: -15148.889 / Time: 0h:0m:9s (0h:0m:0s left)
Iteration 510 / LogL: -15167.051 / Time: 0h:0m:9s (0h:0m:0s left)
Iteration 520 / LogL: -15182.152 / Time: 0h:0m:10s (0h:0m:0s left)
TREE SEARCH COMPLETED AFTER 522 ITERATIONS / Time: 0h:0m:10s

--------------------------------------------------------------------
|                    FINALIZING TREE SEARCH                        |
--------------------------------------------------------------------
Performs final model parameters optimization
Estimate model parameters (epsilon = 0.010)
1. Initial log-likelihood: -15148.863
2. Current log-likelihood: -15148.798
3. Current log-likelihood: -15148.744
4. Current log-likelihood: -15148.700
5. Current log-likelihood: -15148.662
6. Current log-likelihood: -15148.632
7. Current log-likelihood: -15148.607
8. Current log-likelihood: -15148.586
9. Current log-likelihood: -15148.570
10. Current log-likelihood: -15148.556
11. Current log-likelihood: -15148.545
Optimal log-likelihood: -15148.542
Rate parameters:  A-C: 1.60364  A-G: 7.80872  A-T: 0.86645  C-G: 0.20283  C-T: 16.36663  G-T: 1.00000
Base frequencies:  A: 0.270  C: 0.211  G: 0.286  T: 0.233
Site proportion and rates:  (0.370,0.083) (0.310,0.287) (0.291,0.360) (0.029,27.112)
Parameters optimization took 11 rounds (0.133 sec)
BEST SCORE FOUND : -15148.542
Total tree length: 0.012

Total number of iterations: 522
CPU time used for tree search: 9.686 sec (0h:0m:9s)
Wall-clock time used for tree search: 9.999 sec (0h:0m:9s)
Total CPU time used: 10.008 sec (0h:0m:10s)
Total wall-clock time used: 10.321 sec (0h:0m:10s)

Analysis results written to: 
  IQ-TREE report:                YFV-Vaccine-alignments.fasta.iqtree
  Maximum-likelihood tree:       YFV-Vaccine-alignments.fasta.treefile
  Likelihood distances:          YFV-Vaccine-alignments.fasta.mldist
  Screen log file:               YFV-Vaccine-alignments.fasta.log

Date and Time: Tue Jul 25 09:09:05 2023
